<?xml version="1.0" encoding="UTF-8"?>
<!-- Generated by org.testng.reporters.JUnitXMLReporter -->
<testsuite ignored="0" hostname="LTIN181192" failures="0" tests="33" name="Test" time="200.733" errors="0" timestamp="2024-03-21T00:11:47 IST">
  <testcase classname="test_Cases.TS_Login" name="Login" time="4.909"/>
  <testcase classname="test_Cases.TS_Login" name="LoginClick" time="5.735"/>
  <testcase classname="test_Cases.TS_Login" name="EmailWrite" time="3.392"/>
  <testcase classname="test_Cases.TS_Login" name="Passwrd" time="2.31"/>
  <testcase classname="test_Cases.TS_Login" name="Login_Btnn" time="1.972"/>
  <testcase classname="test_Cases.TS_Login" name="Error" time="7.008"/>
  <testcase classname="test_Cases.TS_Login" name="Loginnew" time="3.191"/>
  <testcase classname="test_Cases.TS_Login" name="LoginClicknew" time="3.417"/>
  <testcase classname="test_Cases.TS_Login" name="Emailnew1" time="0.388"/>
  <testcase classname="test_Cases.TS_Login" name="Passnew" time="0.512"/>
  <testcase classname="test_Cases.TS_Login" name="loginnew" time="1.502"/>
  <testcase classname="test_Cases.TS_1" name="PrintBook_1" time="8.589"/>
  <testcase classname="test_Cases.TS_1" name="Popup" time="0.575"/>
  <testcase classname="test_Cases.TS_1" name="price" time="0.333"/>
  <testcase classname="test_Cases.TS_1" name="Slide" time="6.215"/>
  <testcase classname="test_Cases.TS_1" name="hover" time="0.301"/>
  <testcase classname="test_Cases.TS_1" name="Storage" time="1.008"/>
  <testcase classname="test_Cases.TS_1" name="out_of_stock_exclude" time="1.345"/>
  <testcase classname="test_Cases.TS_1" name="Books" time="6.286"/>
  <testcase classname="test_Cases.TS_2" name="clickBook_shelves" time="6.535"/>
  <testcase classname="test_Cases.TS_2" name="Pop2" time="2.817"/>
  <testcase classname="test_Cases.TS_2" name="hover_price" time="6.463"/>
  <testcase classname="test_Cases.TS_2" name="hover_storage" time="2.632"/>
  <testcase classname="test_Cases.TS_2" name="select_stock" time="1.812"/>
  <testcase classname="test_Cases.TS_2" name="select_Home_dkr" time="3.207"/>
  <testcase classname="test_Cases.TS_2" name="Print_Book2" time="6.521"/>
  <testcase classname="test_Cases.TS_2" name="print_collection" time="9.191"/>
  <testcase classname="test_Cases.TS_3" name="click_gift_card" time="5.782"/>
  <testcase classname="test_Cases.TS_3" name="click_bNa" time="0.156"/>
  <testcase classname="test_Cases.TS_3" name="gift_info" time="2.91"/>
  <testcase classname="test_Cases.TS_3" name="recipient_info" time="1.512"/>
  <testcase classname="test_Cases.TS_3" name="senders_info" time="3.075"/>
  <testcase classname="test_Cases.TS_3" name="error_info" time="0.099"/>
</testsuite> <!-- Test -->
