<?xml version="1.0" encoding="UTF-8"?>
<!-- Generated by org.testng.reporters.JUnitXMLReporter -->
<testsuite ignored="0" hostname="LTIN181192" failures="0" tests="33" name="Test" time="219.376" errors="0" timestamp="2024-03-21T14:55:46 IST">
  <testcase classname="test_Cases.TS_Login" name="Login" time="4.737"/>
  <testcase classname="test_Cases.TS_Login" name="LoginClick" time="5.632"/>
  <testcase classname="test_Cases.TS_Login" name="EmailWrite" time="3.31"/>
  <testcase classname="test_Cases.TS_Login" name="Passwrd" time="2.268"/>
  <testcase classname="test_Cases.TS_Login" name="Login_Btnn" time="1.615"/>
  <testcase classname="test_Cases.TS_Login" name="Error" time="9.611"/>
  <testcase classname="test_Cases.TS_Login" name="Loginnew" time="3.171"/>
  <testcase classname="test_Cases.TS_Login" name="LoginClicknew" time="3.353"/>
  <testcase classname="test_Cases.TS_Login" name="Emailnew1" time="0.322"/>
  <testcase classname="test_Cases.TS_Login" name="Passnew" time="0.24"/>
  <testcase classname="test_Cases.TS_Login" name="loginnew" time="1.399"/>
  <testcase classname="test_Cases.TS_1" name="PrintBook_1" time="8.328"/>
  <testcase classname="test_Cases.TS_1" name="Popup" time="0.127"/>
  <testcase classname="test_Cases.TS_1" name="price" time="0.175"/>
  <testcase classname="test_Cases.TS_1" name="Slide" time="5.553"/>
  <testcase classname="test_Cases.TS_1" name="hover" time="0.16"/>
  <testcase classname="test_Cases.TS_1" name="Storage" time="0.181"/>
  <testcase classname="test_Cases.TS_1" name="out_of_stock_exclude" time="0.188"/>
  <testcase classname="test_Cases.TS_1" name="Books" time="4.703"/>
  <testcase classname="test_Cases.TS_2" name="clickBook_shelves" time="6.46"/>
  <testcase classname="test_Cases.TS_2" name="Pop2" time="2.157"/>
  <testcase classname="test_Cases.TS_2" name="hover_price" time="5.757"/>
  <testcase classname="test_Cases.TS_2" name="hover_storage" time="2.401"/>
  <testcase classname="test_Cases.TS_2" name="select_stock" time="0.143"/>
  <testcase classname="test_Cases.TS_2" name="select_Home_dkr" time="2.304"/>
  <testcase classname="test_Cases.TS_2" name="Print_Book2" time="6.451"/>
  <testcase classname="test_Cases.TS_2" name="print_collection" time="8.876"/>
  <testcase classname="test_Cases.TS_3" name="click_gift_card" time="6.746"/>
  <testcase classname="test_Cases.TS_3" name="click_bNa" time="0.153"/>
  <testcase classname="test_Cases.TS_3" name="gift_info" time="1.979"/>
  <testcase classname="test_Cases.TS_3" name="recipient_info" time="0.76"/>
  <testcase classname="test_Cases.TS_3" name="senders_info" time="1.985"/>
  <testcase classname="test_Cases.TS_3" name="error_info" time="0.135"/>
</testsuite> <!-- Test -->
