<?xml version="1.0" encoding="UTF-8"?>
<!-- Generated by org.testng.reporters.JUnitXMLReporter -->
<testsuite ignored="0" hostname="LTIN181192" failures="0" tests="33" name="Test" time="180.609" errors="0" timestamp="2024-03-20T23:52:20 IST">
  <testcase classname="test_Cases.TS_Login" name="Login" time="4.882"/>
  <testcase classname="test_Cases.TS_Login" name="LoginClick" time="5.436"/>
  <testcase classname="test_Cases.TS_Login" name="EmailWrite" time="3.211"/>
  <testcase classname="test_Cases.TS_Login" name="Passwrd" time="2.21"/>
  <testcase classname="test_Cases.TS_Login" name="Login_Btnn" time="6.323"/>
  <testcase classname="test_Cases.TS_Login" name="Error" time="7.393"/>
  <testcase classname="test_Cases.TS_Login" name="Loginnew" time="3.176"/>
  <testcase classname="test_Cases.TS_Login" name="LoginClicknew" time="3.304"/>
  <testcase classname="test_Cases.TS_Login" name="Emailnew1" time="0.296"/>
  <testcase classname="test_Cases.TS_Login" name="Passnew" time="0.236"/>
  <testcase classname="test_Cases.TS_Login" name="loginnew" time="1.647"/>
  <testcase classname="test_Cases.TS_1" name="PrintBook_1" time="8.505"/>
  <testcase classname="test_Cases.TS_1" name="Popup" time="0.306"/>
  <testcase classname="test_Cases.TS_1" name="price" time="0.656"/>
  <testcase classname="test_Cases.TS_1" name="Slide" time="5.677"/>
  <testcase classname="test_Cases.TS_1" name="hover" time="0.156"/>
  <testcase classname="test_Cases.TS_1" name="Storage" time="0.21"/>
  <testcase classname="test_Cases.TS_1" name="out_of_stock_exclude" time="0.165"/>
  <testcase classname="test_Cases.TS_1" name="Books" time="4.418"/>
  <testcase classname="test_Cases.TS_2" name="clickBook_shelves" time="5.926"/>
  <testcase classname="test_Cases.TS_2" name="Pop2" time="2.4"/>
  <testcase classname="test_Cases.TS_2" name="hover_price" time="6.145"/>
  <testcase classname="test_Cases.TS_2" name="hover_storage" time="0.45"/>
  <testcase classname="test_Cases.TS_2" name="select_stock" time="0.192"/>
  <testcase classname="test_Cases.TS_2" name="select_Home_dkr" time="2.295"/>
  <testcase classname="test_Cases.TS_2" name="Print_Book2" time="6.506"/>
  <testcase classname="test_Cases.TS_2" name="print_collection" time="8.834"/>
  <testcase classname="test_Cases.TS_3" name="click_gift_card" time="6.85"/>
  <testcase classname="test_Cases.TS_3" name="click_bNa" time="0.167"/>
  <testcase classname="test_Cases.TS_3" name="gift_info" time="1.313"/>
  <testcase classname="test_Cases.TS_3" name="recipient_info" time="0.703"/>
  <testcase classname="test_Cases.TS_3" name="senders_info" time="1.618"/>
  <testcase classname="test_Cases.TS_3" name="error_info" time="0.143"/>
</testsuite> <!-- Test -->
