<?xml version="1.0" encoding="UTF-8"?>
<testsuite xmlns:xsi="http://www.w3.org/2001/XMLSchema-instance" xsi:noNamespaceSchemaLocation="https://maven.apache.org/surefire/maven-surefire-plugin/xsd/surefire-test-report-3.0.xsd" version="3.0" name="TestSuite" time="184.461" tests="33" errors="0" skipped="0" failures="0">
  <properties>
[...]
</properties>
  <testcase name="Login" classname="test_Cases.TS_Login" time="5.274">
    <system-err><![CDATA[SLF4J: Failed to load class "org.slf4j.impl.StaticLoggerBinder".
SLF4J: Defaulting to no-operation (NOP) logger implementation
SLF4J: See http://www.slf4j.org/codes.html#StaticLoggerBinder for further details.
]]></system-err>
  </testcase>
  <testcase name="LoginClick" classname="test_Cases.TS_Login" time="5.693"/>
  <testcase name="EmailWrite" classname="test_Cases.TS_Login" time="3.548"/>
  <testcase name="Passwrd" classname="test_Cases.TS_Login" time="2.601"/>
  <testcase name="Login_Btnn" classname="test_Cases.TS_Login" time="6.596"/>
  <testcase name="Error" classname="test_Cases.TS_Login" time="7.739">
    <system-out><![CDATA[The email or password you entered is incorrect. Please try again.
]]></system-out>
  </testcase>
  <testcase name="Loginnew" classname="test_Cases.TS_Login" time="3.535"/>
  <testcase name="LoginClicknew" classname="test_Cases.TS_Login" time="3.75"/>
  <testcase name="Emailnew1" classname="test_Cases.TS_Login" time="0.719"/>
  <testcase name="Passnew" classname="test_Cases.TS_Login" time="0.708"/>
  <testcase name="loginnew" classname="test_Cases.TS_Login" time="2.278">
    <system-out><![CDATA[Login completed.........................................
]]></system-out>
  </testcase>
  <testcase name="PrintBook_1" classname="test_Cases.TS_1" time="9.199"/>
  <testcase name="Popup" classname="test_Cases.TS_1" time="0.91"/>
  <testcase name="price" classname="test_Cases.TS_1" time="1.287"/>
  <testcase name="Slide" classname="test_Cases.TS_1" time="5.894"/>
  <testcase name="hover" classname="test_Cases.TS_1" time="0.391"/>
  <testcase name="Storage" classname="test_Cases.TS_1" time="0.423"/>
  <testcase name="out_of_stock_exclude" classname="test_Cases.TS_1" time="0.425"/>
  <testcase name="Books" classname="test_Cases.TS_1" time="4.606">
    <system-out><![CDATA[Bookshelf1: Belino Engineered Wood Bookshelf In Melamine Finish
Bookshelf2: Maple Engineered Wood Bookshelf In Wenge Finish
Bookshelf3: Babylon Solid Wood Bookshelf In Walnut Finish
TS_1 Completed............................................
]]></system-out>
  </testcase>
  <testcase name="clickBook_shelves" classname="test_Cases.TS_2" time="6.341"/>
  <testcase name="Pop2" classname="test_Cases.TS_2" time="3.069"/>
  <testcase name="hover_price" classname="test_Cases.TS_2" time="6.401"/>
  <testcase name="hover_storage" classname="test_Cases.TS_2" time="0.694"/>
  <testcase name="select_stock" classname="test_Cases.TS_2" time="0.439"/>
  <testcase name="select_Home_dkr" classname="test_Cases.TS_2" time="2.491"/>
  <testcase name="Print_Book2" classname="test_Cases.TS_2" time="6.749">
    <system-out><![CDATA[Slumppy Solid Wood Bookshelf In Melamine Finish
Cd Solid Wood Bookshelf In Melamine Finish
]]></system-out>
  </testcase>
  <testcase name="print_collection" classname="test_Cases.TS_2" time="9.016">
    <system-out><![CDATA[Scroll Done
Collections sub-menu 1: Contemporary Design
Collections sub-menu 2: Transitional Design
Collections sub-menu 3: Classical Design
TS_2 Completed............................................
]]></system-out>
  </testcase>
  <testcase name="click_gift_card" classname="test_Cases.TS_3" time="7.353"/>
  <testcase name="click_bNa" classname="test_Cases.TS_3" time="0.442"/>
  <testcase name="gift_info" classname="test_Cases.TS_3" time="1.573"/>
  <testcase name="recipient_info" classname="test_Cases.TS_3" time="0.932"/>
  <testcase name="senders_info" classname="test_Cases.TS_3" time="2.133"/>
  <testcase name="error_info" classname="test_Cases.TS_3" time="0.386">
    <system-out><![CDATA[Please enter valid 10 digit mobile number
TS_3 Completed............................................
]]></system-out>
  </testcase>
</testsuite>