<?xml version="1.0" encoding="UTF-8"?>
<testng-results ignored="0" total="33" passed="33" failed="0" skipped="0">
  <reporter-output>
  </reporter-output>
  <suite started-at="2024-03-20T23:49:18 IST" name="Suite" finished-at="2024-03-20T23:52:18 IST" duration-ms="180609">
    <groups>
    </groups>
    <test started-at="2024-03-20T23:49:18 IST" name="Test" finished-at="2024-03-20T23:52:18 IST" duration-ms="180609">
      <class name="test_Cases.TS_Login">
        <test-method is-config="true" signature="setup(java.lang.String)[pri:0, instance:test_Cases.TS_Login@2d7275fc]" started-at="2024-03-20T23:49:19 IST" name="setup" finished-at="2024-03-20T23:49:36 IST" duration-ms="17861" status="PASS">
          <params>
            <param index="0">
              <value>
                <![CDATA[edge]]>
              </value>
            </param>
          </params>
          <reporter-output>
          </reporter-output>
        </test-method> <!-- setup -->
        <test-method is-config="true" signature="set()[pri:0, instance:test_Cases.TS_Login@2d7275fc]" started-at="2024-03-20T23:49:37 IST" name="set" finished-at="2024-03-20T23:49:37 IST" duration-ms="259" status="PASS">
          <reporter-output>
          </reporter-output>
        </test-method> <!-- set -->
        <test-method signature="Login()[pri:1, instance:test_Cases.TS_Login@2d7275fc]" started-at="2024-03-20T23:49:37 IST" name="Login" finished-at="2024-03-20T23:49:42 IST" duration-ms="4882" status="PASS">
          <reporter-output>
          </reporter-output>
        </test-method> <!-- Login -->
        <test-method is-config="true" signature="set()[pri:0, instance:test_Cases.TS_Login@2d7275fc]" started-at="2024-03-20T23:49:42 IST" name="set" finished-at="2024-03-20T23:49:42 IST" duration-ms="1" status="PASS">
          <reporter-output>
          </reporter-output>
        </test-method> <!-- set -->
        <test-method signature="LoginClick()[pri:2, instance:test_Cases.TS_Login@2d7275fc]" started-at="2024-03-20T23:49:42 IST" name="LoginClick" finished-at="2024-03-20T23:49:48 IST" duration-ms="5436" status="PASS">
          <reporter-output>
          </reporter-output>
        </test-method> <!-- LoginClick -->
        <test-method is-config="true" signature="set()[pri:0, instance:test_Cases.TS_Login@2d7275fc]" started-at="2024-03-20T23:49:48 IST" name="set" finished-at="2024-03-20T23:49:48 IST" duration-ms="1" status="PASS">
          <reporter-output>
          </reporter-output>
        </test-method> <!-- set -->
        <test-method signature="EmailWrite()[pri:3, instance:test_Cases.TS_Login@2d7275fc]" started-at="2024-03-20T23:49:48 IST" name="EmailWrite" finished-at="2024-03-20T23:49:51 IST" duration-ms="3211" status="PASS">
          <reporter-output>
          </reporter-output>
        </test-method> <!-- EmailWrite -->
        <test-method is-config="true" signature="set()[pri:0, instance:test_Cases.TS_Login@2d7275fc]" started-at="2024-03-20T23:49:51 IST" name="set" finished-at="2024-03-20T23:49:51 IST" duration-ms="1" status="PASS">
          <reporter-output>
          </reporter-output>
        </test-method> <!-- set -->
        <test-method signature="Passwrd()[pri:4, instance:test_Cases.TS_Login@2d7275fc]" started-at="2024-03-20T23:49:51 IST" name="Passwrd" finished-at="2024-03-20T23:49:54 IST" duration-ms="2210" status="PASS">
          <reporter-output>
          </reporter-output>
        </test-method> <!-- Passwrd -->
        <test-method is-config="true" signature="set()[pri:0, instance:test_Cases.TS_Login@2d7275fc]" started-at="2024-03-20T23:49:54 IST" name="set" finished-at="2024-03-20T23:49:54 IST" duration-ms="1" status="PASS">
          <reporter-output>
          </reporter-output>
        </test-method> <!-- set -->
        <test-method signature="Login_Btnn()[pri:5, instance:test_Cases.TS_Login@2d7275fc]" started-at="2024-03-20T23:49:54 IST" name="Login_Btnn" finished-at="2024-03-20T23:50:00 IST" duration-ms="6323" status="PASS">
          <reporter-output>
          </reporter-output>
        </test-method> <!-- Login_Btnn -->
        <test-method is-config="true" signature="set()[pri:0, instance:test_Cases.TS_Login@2d7275fc]" started-at="2024-03-20T23:50:01 IST" name="set" finished-at="2024-03-20T23:50:01 IST" duration-ms="0" status="PASS">
          <reporter-output>
          </reporter-output>
        </test-method> <!-- set -->
        <test-method signature="Error()[pri:6, instance:test_Cases.TS_Login@2d7275fc]" started-at="2024-03-20T23:50:01 IST" name="Error" finished-at="2024-03-20T23:50:08 IST" duration-ms="7393" status="PASS">
          <reporter-output>
          </reporter-output>
        </test-method> <!-- Error -->
        <test-method is-config="true" signature="set()[pri:0, instance:test_Cases.TS_Login@2d7275fc]" started-at="2024-03-20T23:50:08 IST" name="set" finished-at="2024-03-20T23:50:08 IST" duration-ms="1" status="PASS">
          <reporter-output>
          </reporter-output>
        </test-method> <!-- set -->
        <test-method signature="Loginnew()[pri:7, instance:test_Cases.TS_Login@2d7275fc]" started-at="2024-03-20T23:50:08 IST" name="Loginnew" finished-at="2024-03-20T23:50:11 IST" duration-ms="3176" status="PASS">
          <reporter-output>
          </reporter-output>
        </test-method> <!-- Loginnew -->
        <test-method is-config="true" signature="set()[pri:0, instance:test_Cases.TS_Login@2d7275fc]" started-at="2024-03-20T23:50:12 IST" name="set" finished-at="2024-03-20T23:50:12 IST" duration-ms="1" status="PASS">
          <reporter-output>
          </reporter-output>
        </test-method> <!-- set -->
        <test-method signature="LoginClicknew()[pri:8, instance:test_Cases.TS_Login@2d7275fc]" started-at="2024-03-20T23:50:12 IST" name="LoginClicknew" finished-at="2024-03-20T23:50:15 IST" duration-ms="3304" status="PASS">
          <reporter-output>
          </reporter-output>
        </test-method> <!-- LoginClicknew -->
        <test-method is-config="true" signature="set()[pri:0, instance:test_Cases.TS_Login@2d7275fc]" started-at="2024-03-20T23:50:16 IST" name="set" finished-at="2024-03-20T23:50:16 IST" duration-ms="1" status="PASS">
          <reporter-output>
          </reporter-output>
        </test-method> <!-- set -->
        <test-method signature="Emailnew1()[pri:9, instance:test_Cases.TS_Login@2d7275fc]" started-at="2024-03-20T23:50:16 IST" name="Emailnew1" finished-at="2024-03-20T23:50:16 IST" duration-ms="296" status="PASS">
          <reporter-output>
          </reporter-output>
        </test-method> <!-- Emailnew1 -->
        <test-method signature="Passnew()[pri:10, instance:test_Cases.TS_Login@2d7275fc]" started-at="2024-03-20T23:50:16 IST" name="Passnew" finished-at="2024-03-20T23:50:17 IST" duration-ms="236" status="PASS">
          <reporter-output>
          </reporter-output>
        </test-method> <!-- Passnew -->
        <test-method is-config="true" signature="set()[pri:0, instance:test_Cases.TS_Login@2d7275fc]" started-at="2024-03-20T23:50:16 IST" name="set" finished-at="2024-03-20T23:50:16 IST" duration-ms="0" status="PASS">
          <reporter-output>
          </reporter-output>
        </test-method> <!-- set -->
        <test-method is-config="true" signature="set()[pri:0, instance:test_Cases.TS_Login@2d7275fc]" started-at="2024-03-20T23:50:17 IST" name="set" finished-at="2024-03-20T23:50:17 IST" duration-ms="1" status="PASS">
          <reporter-output>
          </reporter-output>
        </test-method> <!-- set -->
        <test-method signature="loginnew()[pri:11, instance:test_Cases.TS_Login@2d7275fc]" started-at="2024-03-20T23:50:17 IST" name="loginnew" finished-at="2024-03-20T23:50:19 IST" duration-ms="1647" status="PASS">
          <reporter-output>
          </reporter-output>
        </test-method> <!-- loginnew -->
        <test-method is-config="true" signature="tearDown()[pri:0, instance:test_Cases.TS_Login@2d7275fc]" started-at="2024-03-20T23:50:19 IST" name="tearDown" finished-at="2024-03-20T23:50:24 IST" duration-ms="5109" status="PASS">
          <reporter-output>
          </reporter-output>
        </test-method> <!-- tearDown -->
      </class> <!-- test_Cases.TS_Login -->
      <class name="test_Cases.TS_2">
        <test-method is-config="true" signature="setup(java.lang.String)[pri:0, instance:test_Cases.TS_2@564fabc8]" started-at="2024-03-20T23:51:03 IST" name="setup" finished-at="2024-03-20T23:51:15 IST" duration-ms="11367" status="PASS">
          <params>
            <param index="0">
              <value>
                <![CDATA[edge]]>
              </value>
            </param>
          </params>
          <reporter-output>
          </reporter-output>
        </test-method> <!-- setup -->
        <test-method is-config="true" signature="set2()[pri:0, instance:test_Cases.TS_2@564fabc8]" started-at="2024-03-20T23:51:15 IST" name="set2" finished-at="2024-03-20T23:51:15 IST" duration-ms="2" status="PASS">
          <reporter-output>
          </reporter-output>
        </test-method> <!-- set2 -->
        <test-method signature="clickBook_shelves()[pri:1, instance:test_Cases.TS_2@564fabc8]" started-at="2024-03-20T23:51:15 IST" name="clickBook_shelves" finished-at="2024-03-20T23:51:21 IST" duration-ms="5926" status="PASS">
          <reporter-output>
          </reporter-output>
        </test-method> <!-- clickBook_shelves -->
        <test-method is-config="true" signature="set2()[pri:0, instance:test_Cases.TS_2@564fabc8]" started-at="2024-03-20T23:51:21 IST" name="set2" finished-at="2024-03-20T23:51:21 IST" duration-ms="1" status="PASS">
          <reporter-output>
          </reporter-output>
        </test-method> <!-- set2 -->
        <test-method signature="Pop2()[pri:2, instance:test_Cases.TS_2@564fabc8]" started-at="2024-03-20T23:51:21 IST" name="Pop2" finished-at="2024-03-20T23:51:24 IST" duration-ms="2400" status="PASS">
          <reporter-output>
          </reporter-output>
        </test-method> <!-- Pop2 -->
        <test-method is-config="true" signature="set2()[pri:0, instance:test_Cases.TS_2@564fabc8]" started-at="2024-03-20T23:51:24 IST" name="set2" finished-at="2024-03-20T23:51:24 IST" duration-ms="1" status="PASS">
          <reporter-output>
          </reporter-output>
        </test-method> <!-- set2 -->
        <test-method signature="hover_price()[pri:2, instance:test_Cases.TS_2@564fabc8]" started-at="2024-03-20T23:51:24 IST" name="hover_price" finished-at="2024-03-20T23:51:30 IST" duration-ms="6145" status="PASS">
          <reporter-output>
          </reporter-output>
        </test-method> <!-- hover_price -->
        <test-method signature="hover_storage()[pri:4, instance:test_Cases.TS_2@564fabc8]" started-at="2024-03-20T23:51:31 IST" name="hover_storage" finished-at="2024-03-20T23:51:31 IST" duration-ms="450" status="PASS">
          <reporter-output>
          </reporter-output>
        </test-method> <!-- hover_storage -->
        <test-method is-config="true" signature="set2()[pri:0, instance:test_Cases.TS_2@564fabc8]" started-at="2024-03-20T23:51:31 IST" name="set2" finished-at="2024-03-20T23:51:31 IST" duration-ms="0" status="PASS">
          <reporter-output>
          </reporter-output>
        </test-method> <!-- set2 -->
        <test-method is-config="true" signature="set2()[pri:0, instance:test_Cases.TS_2@564fabc8]" started-at="2024-03-20T23:51:31 IST" name="set2" finished-at="2024-03-20T23:51:31 IST" duration-ms="1" status="PASS">
          <reporter-output>
          </reporter-output>
        </test-method> <!-- set2 -->
        <test-method signature="select_stock()[pri:5, instance:test_Cases.TS_2@564fabc8]" started-at="2024-03-20T23:51:31 IST" name="select_stock" finished-at="2024-03-20T23:51:32 IST" duration-ms="192" status="PASS">
          <reporter-output>
          </reporter-output>
        </test-method> <!-- select_stock -->
        <test-method is-config="true" signature="set2()[pri:0, instance:test_Cases.TS_2@564fabc8]" started-at="2024-03-20T23:51:32 IST" name="set2" finished-at="2024-03-20T23:51:32 IST" duration-ms="0" status="PASS">
          <reporter-output>
          </reporter-output>
        </test-method> <!-- set2 -->
        <test-method signature="select_Home_dkr()[pri:6, instance:test_Cases.TS_2@564fabc8]" started-at="2024-03-20T23:51:32 IST" name="select_Home_dkr" finished-at="2024-03-20T23:51:34 IST" duration-ms="2295" status="PASS">
          <reporter-output>
          </reporter-output>
        </test-method> <!-- select_Home_dkr -->
        <test-method is-config="true" signature="set2()[pri:0, instance:test_Cases.TS_2@564fabc8]" started-at="2024-03-20T23:51:34 IST" name="set2" finished-at="2024-03-20T23:51:34 IST" duration-ms="1" status="PASS">
          <reporter-output>
          </reporter-output>
        </test-method> <!-- set2 -->
        <test-method signature="Print_Book2()[pri:7, instance:test_Cases.TS_2@564fabc8]" started-at="2024-03-20T23:51:34 IST" name="Print_Book2" finished-at="2024-03-20T23:51:41 IST" duration-ms="6506" status="PASS">
          <reporter-output>
          </reporter-output>
        </test-method> <!-- Print_Book2 -->
        <test-method is-config="true" signature="set2()[pri:0, instance:test_Cases.TS_2@564fabc8]" started-at="2024-03-20T23:51:41 IST" name="set2" finished-at="2024-03-20T23:51:41 IST" duration-ms="2" status="PASS">
          <reporter-output>
          </reporter-output>
        </test-method> <!-- set2 -->
        <test-method signature="print_collection()[pri:8, instance:test_Cases.TS_2@564fabc8]" started-at="2024-03-20T23:51:41 IST" name="print_collection" finished-at="2024-03-20T23:51:50 IST" duration-ms="8834" status="PASS">
          <reporter-output>
          </reporter-output>
        </test-method> <!-- print_collection -->
        <test-method is-config="true" signature="tearDown()[pri:0, instance:test_Cases.TS_2@564fabc8]" started-at="2024-03-20T23:51:50 IST" name="tearDown" finished-at="2024-03-20T23:51:53 IST" duration-ms="2750" status="PASS">
          <reporter-output>
          </reporter-output>
        </test-method> <!-- tearDown -->
      </class> <!-- test_Cases.TS_2 -->
      <class name="test_Cases.TS_3">
        <test-method is-config="true" signature="setup(java.lang.String)[pri:0, instance:test_Cases.TS_3@16d04d3d]" started-at="2024-03-20T23:51:53 IST" name="setup" finished-at="2024-03-20T23:52:02 IST" duration-ms="9677" status="PASS">
          <params>
            <param index="0">
              <value>
                <![CDATA[edge]]>
              </value>
            </param>
          </params>
          <reporter-output>
          </reporter-output>
        </test-method> <!-- setup -->
        <test-method is-config="true" signature="set3()[pri:0, instance:test_Cases.TS_3@16d04d3d]" started-at="2024-03-20T23:52:02 IST" name="set3" finished-at="2024-03-20T23:52:02 IST" duration-ms="9" status="PASS">
          <reporter-output>
          </reporter-output>
        </test-method> <!-- set3 -->
        <test-method signature="click_gift_card()[pri:1, instance:test_Cases.TS_3@16d04d3d]" started-at="2024-03-20T23:52:02 IST" name="click_gift_card" finished-at="2024-03-20T23:52:09 IST" duration-ms="6850" status="PASS">
          <reporter-output>
          </reporter-output>
        </test-method> <!-- click_gift_card -->
        <test-method is-config="true" signature="set3()[pri:0, instance:test_Cases.TS_3@16d04d3d]" started-at="2024-03-20T23:52:10 IST" name="set3" finished-at="2024-03-20T23:52:10 IST" duration-ms="1" status="PASS">
          <reporter-output>
          </reporter-output>
        </test-method> <!-- set3 -->
        <test-method signature="click_bNa()[pri:2, instance:test_Cases.TS_3@16d04d3d]" started-at="2024-03-20T23:52:10 IST" name="click_bNa" finished-at="2024-03-20T23:52:10 IST" duration-ms="167" status="PASS">
          <reporter-output>
          </reporter-output>
        </test-method> <!-- click_bNa -->
        <test-method is-config="true" signature="set3()[pri:0, instance:test_Cases.TS_3@16d04d3d]" started-at="2024-03-20T23:52:10 IST" name="set3" finished-at="2024-03-20T23:52:10 IST" duration-ms="2" status="PASS">
          <reporter-output>
          </reporter-output>
        </test-method> <!-- set3 -->
        <test-method signature="gift_info()[pri:3, instance:test_Cases.TS_3@16d04d3d]" started-at="2024-03-20T23:52:10 IST" name="gift_info" finished-at="2024-03-20T23:52:12 IST" duration-ms="1313" status="PASS">
          <reporter-output>
          </reporter-output>
        </test-method> <!-- gift_info -->
        <test-method is-config="true" signature="set3()[pri:0, instance:test_Cases.TS_3@16d04d3d]" started-at="2024-03-20T23:52:12 IST" name="set3" finished-at="2024-03-20T23:52:12 IST" duration-ms="1" status="PASS">
          <reporter-output>
          </reporter-output>
        </test-method> <!-- set3 -->
        <test-method signature="recipient_info()[pri:4, instance:test_Cases.TS_3@16d04d3d]" started-at="2024-03-20T23:52:12 IST" name="recipient_info" finished-at="2024-03-20T23:52:13 IST" duration-ms="703" status="PASS">
          <reporter-output>
          </reporter-output>
        </test-method> <!-- recipient_info -->
        <test-method is-config="true" signature="set3()[pri:0, instance:test_Cases.TS_3@16d04d3d]" started-at="2024-03-20T23:52:13 IST" name="set3" finished-at="2024-03-20T23:52:13 IST" duration-ms="1" status="PASS">
          <reporter-output>
          </reporter-output>
        </test-method> <!-- set3 -->
        <test-method signature="senders_info()[pri:5, instance:test_Cases.TS_3@16d04d3d]" started-at="2024-03-20T23:52:13 IST" name="senders_info" finished-at="2024-03-20T23:52:14 IST" duration-ms="1618" status="PASS">
          <reporter-output>
          </reporter-output>
        </test-method> <!-- senders_info -->
        <test-method is-config="true" signature="set3()[pri:0, instance:test_Cases.TS_3@16d04d3d]" started-at="2024-03-20T23:52:15 IST" name="set3" finished-at="2024-03-20T23:52:15 IST" duration-ms="1" status="PASS">
          <reporter-output>
          </reporter-output>
        </test-method> <!-- set3 -->
        <test-method signature="error_info()[pri:6, instance:test_Cases.TS_3@16d04d3d]" started-at="2024-03-20T23:52:15 IST" name="error_info" finished-at="2024-03-20T23:52:15 IST" duration-ms="143" status="PASS">
          <reporter-output>
          </reporter-output>
        </test-method> <!-- error_info -->
        <test-method is-config="true" signature="tearDown()[pri:0, instance:test_Cases.TS_3@16d04d3d]" started-at="2024-03-20T23:52:15 IST" name="tearDown" finished-at="2024-03-20T23:52:18 IST" duration-ms="3161" status="PASS">
          <reporter-output>
          </reporter-output>
        </test-method> <!-- tearDown -->
      </class> <!-- test_Cases.TS_3 -->
      <class name="test_Cases.TS_1">
        <test-method is-config="true" signature="setup(java.lang.String)[pri:0, instance:test_Cases.TS_1@36bc55de]" started-at="2024-03-20T23:50:24 IST" name="setup" finished-at="2024-03-20T23:50:35 IST" duration-ms="10237" status="PASS">
          <params>
            <param index="0">
              <value>
                <![CDATA[edge]]>
              </value>
            </param>
          </params>
          <reporter-output>
          </reporter-output>
        </test-method> <!-- setup -->
        <test-method is-config="true" signature="set1()[pri:0, instance:test_Cases.TS_1@36bc55de]" started-at="2024-03-20T23:50:35 IST" name="set1" finished-at="2024-03-20T23:50:35 IST" duration-ms="17" status="PASS">
          <reporter-output>
          </reporter-output>
        </test-method> <!-- set1 -->
        <test-method signature="PrintBook_1()[pri:1, instance:test_Cases.TS_1@36bc55de]" started-at="2024-03-20T23:50:35 IST" name="PrintBook_1" finished-at="2024-03-20T23:50:43 IST" duration-ms="8505" status="PASS">
          <reporter-output>
          </reporter-output>
        </test-method> <!-- PrintBook_1 -->
        <test-method is-config="true" signature="set1()[pri:0, instance:test_Cases.TS_1@36bc55de]" started-at="2024-03-20T23:50:44 IST" name="set1" finished-at="2024-03-20T23:50:44 IST" duration-ms="1" status="PASS">
          <reporter-output>
          </reporter-output>
        </test-method> <!-- set1 -->
        <test-method signature="Popup()[pri:2, instance:test_Cases.TS_1@36bc55de]" started-at="2024-03-20T23:50:44 IST" name="Popup" finished-at="2024-03-20T23:50:44 IST" duration-ms="306" status="PASS">
          <reporter-output>
          </reporter-output>
        </test-method> <!-- Popup -->
        <test-method is-config="true" signature="set1()[pri:0, instance:test_Cases.TS_1@36bc55de]" started-at="2024-03-20T23:50:45 IST" name="set1" finished-at="2024-03-20T23:50:45 IST" duration-ms="1" status="PASS">
          <reporter-output>
          </reporter-output>
        </test-method> <!-- set1 -->
        <test-method signature="price()[pri:3, instance:test_Cases.TS_1@36bc55de]" started-at="2024-03-20T23:50:45 IST" name="price" finished-at="2024-03-20T23:50:45 IST" duration-ms="656" status="PASS">
          <reporter-output>
          </reporter-output>
        </test-method> <!-- price -->
        <test-method is-config="true" signature="set1()[pri:0, instance:test_Cases.TS_1@36bc55de]" started-at="2024-03-20T23:50:46 IST" name="set1" finished-at="2024-03-20T23:50:46 IST" duration-ms="1" status="PASS">
          <reporter-output>
          </reporter-output>
        </test-method> <!-- set1 -->
        <test-method signature="Slide()[pri:4, instance:test_Cases.TS_1@36bc55de]" started-at="2024-03-20T23:50:46 IST" name="Slide" finished-at="2024-03-20T23:50:52 IST" duration-ms="5677" status="PASS">
          <reporter-output>
          </reporter-output>
        </test-method> <!-- Slide -->
        <test-method is-config="true" signature="set1()[pri:0, instance:test_Cases.TS_1@36bc55de]" started-at="2024-03-20T23:50:52 IST" name="set1" finished-at="2024-03-20T23:50:52 IST" duration-ms="1" status="PASS">
          <reporter-output>
          </reporter-output>
        </test-method> <!-- set1 -->
        <test-method signature="hover()[pri:5, instance:test_Cases.TS_1@36bc55de]" started-at="2024-03-20T23:50:52 IST" name="hover" finished-at="2024-03-20T23:50:52 IST" duration-ms="156" status="PASS">
          <reporter-output>
          </reporter-output>
        </test-method> <!-- hover -->
        <test-method is-config="true" signature="set1()[pri:0, instance:test_Cases.TS_1@36bc55de]" started-at="2024-03-20T23:50:52 IST" name="set1" finished-at="2024-03-20T23:50:52 IST" duration-ms="1" status="PASS">
          <reporter-output>
          </reporter-output>
        </test-method> <!-- set1 -->
        <test-method signature="Storage()[pri:6, instance:test_Cases.TS_1@36bc55de]" started-at="2024-03-20T23:50:52 IST" name="Storage" finished-at="2024-03-20T23:50:53 IST" duration-ms="210" status="PASS">
          <reporter-output>
          </reporter-output>
        </test-method> <!-- Storage -->
        <test-method signature="out_of_stock_exclude()[pri:7, instance:test_Cases.TS_1@36bc55de]" started-at="2024-03-20T23:50:53 IST" name="out_of_stock_exclude" finished-at="2024-03-20T23:50:53 IST" duration-ms="165" status="PASS">
          <reporter-output>
          </reporter-output>
        </test-method> <!-- out_of_stock_exclude -->
        <test-method is-config="true" signature="set1()[pri:0, instance:test_Cases.TS_1@36bc55de]" started-at="2024-03-20T23:50:53 IST" name="set1" finished-at="2024-03-20T23:50:53 IST" duration-ms="0" status="PASS">
          <reporter-output>
          </reporter-output>
        </test-method> <!-- set1 -->
        <test-method is-config="true" signature="set1()[pri:0, instance:test_Cases.TS_1@36bc55de]" started-at="2024-03-20T23:50:53 IST" name="set1" finished-at="2024-03-20T23:50:53 IST" duration-ms="1" status="PASS">
          <reporter-output>
          </reporter-output>
        </test-method> <!-- set1 -->
        <test-method signature="Books()[pri:8, instance:test_Cases.TS_1@36bc55de]" started-at="2024-03-20T23:50:53 IST" name="Books" finished-at="2024-03-20T23:50:58 IST" duration-ms="4418" status="PASS">
          <reporter-output>
          </reporter-output>
        </test-method> <!-- Books -->
        <test-method is-config="true" signature="tearDown()[pri:0, instance:test_Cases.TS_1@36bc55de]" started-at="2024-03-20T23:50:58 IST" name="tearDown" finished-at="2024-03-20T23:51:03 IST" duration-ms="5667" status="PASS">
          <reporter-output>
          </reporter-output>
        </test-method> <!-- tearDown -->
      </class> <!-- test_Cases.TS_1 -->
    </test> <!-- Test -->
  </suite> <!-- Suite -->
</testng-results>
