<?xml version="1.0" encoding="UTF-8"?>
<testng-results ignored="0" total="33" passed="33" failed="0" skipped="0">
  <reporter-output>
  </reporter-output>
  <suite started-at="2024-03-21T00:08:24 IST" name="Suite" finished-at="2024-03-21T00:11:45 IST" duration-ms="200733">
    <groups>
    </groups>
    <test started-at="2024-03-21T00:08:24 IST" name="Test" finished-at="2024-03-21T00:11:45 IST" duration-ms="200733">
      <class name="test_Cases.TS_Login">
        <test-method is-config="true" signature="setup(java.lang.String)[pri:0, instance:test_Cases.TS_Login@1e800aaa]" started-at="2024-03-21T00:08:25 IST" name="setup" finished-at="2024-03-21T00:08:40 IST" duration-ms="14766" status="PASS">
          <params>
            <param index="0">
              <value>
                <![CDATA[edge]]>
              </value>
            </param>
          </params>
          <reporter-output>
          </reporter-output>
        </test-method> <!-- setup -->
        <test-method is-config="true" signature="set()[pri:0, instance:test_Cases.TS_Login@1e800aaa]" started-at="2024-03-21T00:08:40 IST" name="set" finished-at="2024-03-21T00:08:40 IST" duration-ms="185" status="PASS">
          <reporter-output>
          </reporter-output>
        </test-method> <!-- set -->
        <test-method signature="Login()[pri:1, instance:test_Cases.TS_Login@1e800aaa]" started-at="2024-03-21T00:08:40 IST" name="Login" finished-at="2024-03-21T00:08:45 IST" duration-ms="4909" status="PASS">
          <reporter-output>
          </reporter-output>
        </test-method> <!-- Login -->
        <test-method is-config="true" signature="set()[pri:0, instance:test_Cases.TS_Login@1e800aaa]" started-at="2024-03-21T00:08:46 IST" name="set" finished-at="2024-03-21T00:08:46 IST" duration-ms="1" status="PASS">
          <reporter-output>
          </reporter-output>
        </test-method> <!-- set -->
        <test-method signature="LoginClick()[pri:2, instance:test_Cases.TS_Login@1e800aaa]" started-at="2024-03-21T00:08:46 IST" name="LoginClick" finished-at="2024-03-21T00:08:51 IST" duration-ms="5735" status="PASS">
          <reporter-output>
          </reporter-output>
        </test-method> <!-- LoginClick -->
        <test-method is-config="true" signature="set()[pri:0, instance:test_Cases.TS_Login@1e800aaa]" started-at="2024-03-21T00:08:52 IST" name="set" finished-at="2024-03-21T00:08:52 IST" duration-ms="3" status="PASS">
          <reporter-output>
          </reporter-output>
        </test-method> <!-- set -->
        <test-method signature="EmailWrite()[pri:3, instance:test_Cases.TS_Login@1e800aaa]" started-at="2024-03-21T00:08:52 IST" name="EmailWrite" finished-at="2024-03-21T00:08:55 IST" duration-ms="3392" status="PASS">
          <reporter-output>
          </reporter-output>
        </test-method> <!-- EmailWrite -->
        <test-method is-config="true" signature="set()[pri:0, instance:test_Cases.TS_Login@1e800aaa]" started-at="2024-03-21T00:08:56 IST" name="set" finished-at="2024-03-21T00:08:56 IST" duration-ms="1" status="PASS">
          <reporter-output>
          </reporter-output>
        </test-method> <!-- set -->
        <test-method signature="Passwrd()[pri:4, instance:test_Cases.TS_Login@1e800aaa]" started-at="2024-03-21T00:08:56 IST" name="Passwrd" finished-at="2024-03-21T00:08:58 IST" duration-ms="2310" status="PASS">
          <reporter-output>
          </reporter-output>
        </test-method> <!-- Passwrd -->
        <test-method is-config="true" signature="set()[pri:0, instance:test_Cases.TS_Login@1e800aaa]" started-at="2024-03-21T00:08:59 IST" name="set" finished-at="2024-03-21T00:08:59 IST" duration-ms="1" status="PASS">
          <reporter-output>
          </reporter-output>
        </test-method> <!-- set -->
        <test-method signature="Login_Btnn()[pri:5, instance:test_Cases.TS_Login@1e800aaa]" started-at="2024-03-21T00:08:59 IST" name="Login_Btnn" finished-at="2024-03-21T00:09:01 IST" duration-ms="1972" status="PASS">
          <reporter-output>
          </reporter-output>
        </test-method> <!-- Login_Btnn -->
        <test-method is-config="true" signature="set()[pri:0, instance:test_Cases.TS_Login@1e800aaa]" started-at="2024-03-21T00:09:02 IST" name="set" finished-at="2024-03-21T00:09:02 IST" duration-ms="1" status="PASS">
          <reporter-output>
          </reporter-output>
        </test-method> <!-- set -->
        <test-method signature="Error()[pri:6, instance:test_Cases.TS_Login@1e800aaa]" started-at="2024-03-21T00:09:02 IST" name="Error" finished-at="2024-03-21T00:09:09 IST" duration-ms="7008" status="PASS">
          <reporter-output>
          </reporter-output>
        </test-method> <!-- Error -->
        <test-method is-config="true" signature="set()[pri:0, instance:test_Cases.TS_Login@1e800aaa]" started-at="2024-03-21T00:09:09 IST" name="set" finished-at="2024-03-21T00:09:09 IST" duration-ms="1" status="PASS">
          <reporter-output>
          </reporter-output>
        </test-method> <!-- set -->
        <test-method signature="Loginnew()[pri:7, instance:test_Cases.TS_Login@1e800aaa]" started-at="2024-03-21T00:09:09 IST" name="Loginnew" finished-at="2024-03-21T00:09:12 IST" duration-ms="3191" status="PASS">
          <reporter-output>
          </reporter-output>
        </test-method> <!-- Loginnew -->
        <test-method is-config="true" signature="set()[pri:0, instance:test_Cases.TS_Login@1e800aaa]" started-at="2024-03-21T00:09:13 IST" name="set" finished-at="2024-03-21T00:09:13 IST" duration-ms="1" status="PASS">
          <reporter-output>
          </reporter-output>
        </test-method> <!-- set -->
        <test-method signature="LoginClicknew()[pri:8, instance:test_Cases.TS_Login@1e800aaa]" started-at="2024-03-21T00:09:13 IST" name="LoginClicknew" finished-at="2024-03-21T00:09:16 IST" duration-ms="3417" status="PASS">
          <reporter-output>
          </reporter-output>
        </test-method> <!-- LoginClicknew -->
        <test-method is-config="true" signature="set()[pri:0, instance:test_Cases.TS_Login@1e800aaa]" started-at="2024-03-21T00:09:17 IST" name="set" finished-at="2024-03-21T00:09:17 IST" duration-ms="1" status="PASS">
          <reporter-output>
          </reporter-output>
        </test-method> <!-- set -->
        <test-method signature="Emailnew1()[pri:9, instance:test_Cases.TS_Login@1e800aaa]" started-at="2024-03-21T00:09:17 IST" name="Emailnew1" finished-at="2024-03-21T00:09:17 IST" duration-ms="388" status="PASS">
          <reporter-output>
          </reporter-output>
        </test-method> <!-- Emailnew1 -->
        <test-method is-config="true" signature="set()[pri:0, instance:test_Cases.TS_Login@1e800aaa]" started-at="2024-03-21T00:09:18 IST" name="set" finished-at="2024-03-21T00:09:18 IST" duration-ms="1" status="PASS">
          <reporter-output>
          </reporter-output>
        </test-method> <!-- set -->
        <test-method signature="Passnew()[pri:10, instance:test_Cases.TS_Login@1e800aaa]" started-at="2024-03-21T00:09:18 IST" name="Passnew" finished-at="2024-03-21T00:09:18 IST" duration-ms="512" status="PASS">
          <reporter-output>
          </reporter-output>
        </test-method> <!-- Passnew -->
        <test-method is-config="true" signature="set()[pri:0, instance:test_Cases.TS_Login@1e800aaa]" started-at="2024-03-21T00:09:19 IST" name="set" finished-at="2024-03-21T00:09:19 IST" duration-ms="1" status="PASS">
          <reporter-output>
          </reporter-output>
        </test-method> <!-- set -->
        <test-method signature="loginnew()[pri:11, instance:test_Cases.TS_Login@1e800aaa]" started-at="2024-03-21T00:09:19 IST" name="loginnew" finished-at="2024-03-21T00:09:20 IST" duration-ms="1502" status="PASS">
          <reporter-output>
          </reporter-output>
        </test-method> <!-- loginnew -->
        <test-method is-config="true" signature="tearDown()[pri:0, instance:test_Cases.TS_Login@1e800aaa]" started-at="2024-03-21T00:09:21 IST" name="tearDown" finished-at="2024-03-21T00:09:26 IST" duration-ms="4821" status="PASS">
          <reporter-output>
          </reporter-output>
        </test-method> <!-- tearDown -->
      </class> <!-- test_Cases.TS_Login -->
      <class name="test_Cases.TS_2">
        <test-method is-config="true" signature="setup(java.lang.String)[pri:0, instance:test_Cases.TS_2@62ddbd7e]" started-at="2024-03-21T00:10:13 IST" name="setup" finished-at="2024-03-21T00:10:26 IST" duration-ms="12345" status="PASS">
          <params>
            <param index="0">
              <value>
                <![CDATA[edge]]>
              </value>
            </param>
          </params>
          <reporter-output>
          </reporter-output>
        </test-method> <!-- setup -->
        <test-method is-config="true" signature="set2()[pri:0, instance:test_Cases.TS_2@62ddbd7e]" started-at="2024-03-21T00:10:26 IST" name="set2" finished-at="2024-03-21T00:10:26 IST" duration-ms="1" status="PASS">
          <reporter-output>
          </reporter-output>
        </test-method> <!-- set2 -->
        <test-method signature="clickBook_shelves()[pri:1, instance:test_Cases.TS_2@62ddbd7e]" started-at="2024-03-21T00:10:26 IST" name="clickBook_shelves" finished-at="2024-03-21T00:10:32 IST" duration-ms="6535" status="PASS">
          <reporter-output>
          </reporter-output>
        </test-method> <!-- clickBook_shelves -->
        <test-method is-config="true" signature="set2()[pri:0, instance:test_Cases.TS_2@62ddbd7e]" started-at="2024-03-21T00:10:33 IST" name="set2" finished-at="2024-03-21T00:10:33 IST" duration-ms="1" status="PASS">
          <reporter-output>
          </reporter-output>
        </test-method> <!-- set2 -->
        <test-method signature="Pop2()[pri:2, instance:test_Cases.TS_2@62ddbd7e]" started-at="2024-03-21T00:10:33 IST" name="Pop2" finished-at="2024-03-21T00:10:36 IST" duration-ms="2817" status="PASS">
          <reporter-output>
          </reporter-output>
        </test-method> <!-- Pop2 -->
        <test-method is-config="true" signature="set2()[pri:0, instance:test_Cases.TS_2@62ddbd7e]" started-at="2024-03-21T00:10:37 IST" name="set2" finished-at="2024-03-21T00:10:37 IST" duration-ms="1" status="PASS">
          <reporter-output>
          </reporter-output>
        </test-method> <!-- set2 -->
        <test-method signature="hover_price()[pri:2, instance:test_Cases.TS_2@62ddbd7e]" started-at="2024-03-21T00:10:37 IST" name="hover_price" finished-at="2024-03-21T00:10:43 IST" duration-ms="6463" status="PASS">
          <reporter-output>
          </reporter-output>
        </test-method> <!-- hover_price -->
        <test-method is-config="true" signature="set2()[pri:0, instance:test_Cases.TS_2@62ddbd7e]" started-at="2024-03-21T00:10:43 IST" name="set2" finished-at="2024-03-21T00:10:43 IST" duration-ms="1" status="PASS">
          <reporter-output>
          </reporter-output>
        </test-method> <!-- set2 -->
        <test-method signature="hover_storage()[pri:4, instance:test_Cases.TS_2@62ddbd7e]" started-at="2024-03-21T00:10:43 IST" name="hover_storage" finished-at="2024-03-21T00:10:46 IST" duration-ms="2632" status="PASS">
          <reporter-output>
          </reporter-output>
        </test-method> <!-- hover_storage -->
        <test-method is-config="true" signature="set2()[pri:0, instance:test_Cases.TS_2@62ddbd7e]" started-at="2024-03-21T00:10:46 IST" name="set2" finished-at="2024-03-21T00:10:46 IST" duration-ms="2" status="PASS">
          <reporter-output>
          </reporter-output>
        </test-method> <!-- set2 -->
        <test-method signature="select_stock()[pri:5, instance:test_Cases.TS_2@62ddbd7e]" started-at="2024-03-21T00:10:46 IST" name="select_stock" finished-at="2024-03-21T00:10:48 IST" duration-ms="1812" status="PASS">
          <reporter-output>
          </reporter-output>
        </test-method> <!-- select_stock -->
        <test-method is-config="true" signature="set2()[pri:0, instance:test_Cases.TS_2@62ddbd7e]" started-at="2024-03-21T00:10:49 IST" name="set2" finished-at="2024-03-21T00:10:49 IST" duration-ms="0" status="PASS">
          <reporter-output>
          </reporter-output>
        </test-method> <!-- set2 -->
        <test-method signature="select_Home_dkr()[pri:6, instance:test_Cases.TS_2@62ddbd7e]" started-at="2024-03-21T00:10:49 IST" name="select_Home_dkr" finished-at="2024-03-21T00:10:52 IST" duration-ms="3207" status="PASS">
          <reporter-output>
          </reporter-output>
        </test-method> <!-- select_Home_dkr -->
        <test-method is-config="true" signature="set2()[pri:0, instance:test_Cases.TS_2@62ddbd7e]" started-at="2024-03-21T00:10:52 IST" name="set2" finished-at="2024-03-21T00:10:52 IST" duration-ms="2" status="PASS">
          <reporter-output>
          </reporter-output>
        </test-method> <!-- set2 -->
        <test-method signature="Print_Book2()[pri:7, instance:test_Cases.TS_2@62ddbd7e]" started-at="2024-03-21T00:10:52 IST" name="Print_Book2" finished-at="2024-03-21T00:10:59 IST" duration-ms="6521" status="PASS">
          <reporter-output>
          </reporter-output>
        </test-method> <!-- Print_Book2 -->
        <test-method is-config="true" signature="set2()[pri:0, instance:test_Cases.TS_2@62ddbd7e]" started-at="2024-03-21T00:10:59 IST" name="set2" finished-at="2024-03-21T00:10:59 IST" duration-ms="1" status="PASS">
          <reporter-output>
          </reporter-output>
        </test-method> <!-- set2 -->
        <test-method signature="print_collection()[pri:8, instance:test_Cases.TS_2@62ddbd7e]" started-at="2024-03-21T00:10:59 IST" name="print_collection" finished-at="2024-03-21T00:11:08 IST" duration-ms="9191" status="PASS">
          <reporter-output>
          </reporter-output>
        </test-method> <!-- print_collection -->
        <test-method is-config="true" signature="tearDown()[pri:0, instance:test_Cases.TS_2@62ddbd7e]" started-at="2024-03-21T00:11:09 IST" name="tearDown" finished-at="2024-03-21T00:11:13 IST" duration-ms="4403" status="PASS">
          <reporter-output>
          </reporter-output>
        </test-method> <!-- tearDown -->
      </class> <!-- test_Cases.TS_2 -->
      <class name="test_Cases.TS_3">
        <test-method is-config="true" signature="setup(java.lang.String)[pri:0, instance:test_Cases.TS_3@74e52ef6]" started-at="2024-03-21T00:11:13 IST" name="setup" finished-at="2024-03-21T00:11:25 IST" duration-ms="11671" status="PASS">
          <params>
            <param index="0">
              <value>
                <![CDATA[edge]]>
              </value>
            </param>
          </params>
          <reporter-output>
          </reporter-output>
        </test-method> <!-- setup -->
        <test-method is-config="true" signature="set3()[pri:0, instance:test_Cases.TS_3@74e52ef6]" started-at="2024-03-21T00:11:25 IST" name="set3" finished-at="2024-03-21T00:11:25 IST" duration-ms="9" status="PASS">
          <reporter-output>
          </reporter-output>
        </test-method> <!-- set3 -->
        <test-method signature="click_gift_card()[pri:1, instance:test_Cases.TS_3@74e52ef6]" started-at="2024-03-21T00:11:25 IST" name="click_gift_card" finished-at="2024-03-21T00:11:31 IST" duration-ms="5782" status="PASS">
          <reporter-output>
          </reporter-output>
        </test-method> <!-- click_gift_card -->
        <test-method is-config="true" signature="set3()[pri:0, instance:test_Cases.TS_3@74e52ef6]" started-at="2024-03-21T00:11:31 IST" name="set3" finished-at="2024-03-21T00:11:31 IST" duration-ms="1" status="PASS">
          <reporter-output>
          </reporter-output>
        </test-method> <!-- set3 -->
        <test-method signature="click_bNa()[pri:2, instance:test_Cases.TS_3@74e52ef6]" started-at="2024-03-21T00:11:31 IST" name="click_bNa" finished-at="2024-03-21T00:11:31 IST" duration-ms="156" status="PASS">
          <reporter-output>
          </reporter-output>
        </test-method> <!-- click_bNa -->
        <test-method is-config="true" signature="set3()[pri:0, instance:test_Cases.TS_3@74e52ef6]" started-at="2024-03-21T00:11:31 IST" name="set3" finished-at="2024-03-21T00:11:31 IST" duration-ms="2" status="PASS">
          <reporter-output>
          </reporter-output>
        </test-method> <!-- set3 -->
        <test-method signature="gift_info()[pri:3, instance:test_Cases.TS_3@74e52ef6]" started-at="2024-03-21T00:11:31 IST" name="gift_info" finished-at="2024-03-21T00:11:34 IST" duration-ms="2910" status="PASS">
          <reporter-output>
          </reporter-output>
        </test-method> <!-- gift_info -->
        <test-method is-config="true" signature="set3()[pri:0, instance:test_Cases.TS_3@74e52ef6]" started-at="2024-03-21T00:11:35 IST" name="set3" finished-at="2024-03-21T00:11:35 IST" duration-ms="1" status="PASS">
          <reporter-output>
          </reporter-output>
        </test-method> <!-- set3 -->
        <test-method signature="recipient_info()[pri:4, instance:test_Cases.TS_3@74e52ef6]" started-at="2024-03-21T00:11:35 IST" name="recipient_info" finished-at="2024-03-21T00:11:36 IST" duration-ms="1512" status="PASS">
          <reporter-output>
          </reporter-output>
        </test-method> <!-- recipient_info -->
        <test-method is-config="true" signature="set3()[pri:0, instance:test_Cases.TS_3@74e52ef6]" started-at="2024-03-21T00:11:37 IST" name="set3" finished-at="2024-03-21T00:11:37 IST" duration-ms="2" status="PASS">
          <reporter-output>
          </reporter-output>
        </test-method> <!-- set3 -->
        <test-method signature="senders_info()[pri:5, instance:test_Cases.TS_3@74e52ef6]" started-at="2024-03-21T00:11:37 IST" name="senders_info" finished-at="2024-03-21T00:11:40 IST" duration-ms="3075" status="PASS">
          <reporter-output>
          </reporter-output>
        </test-method> <!-- senders_info -->
        <test-method is-config="true" signature="set3()[pri:0, instance:test_Cases.TS_3@74e52ef6]" started-at="2024-03-21T00:11:40 IST" name="set3" finished-at="2024-03-21T00:11:40 IST" duration-ms="2" status="PASS">
          <reporter-output>
          </reporter-output>
        </test-method> <!-- set3 -->
        <test-method signature="error_info()[pri:6, instance:test_Cases.TS_3@74e52ef6]" started-at="2024-03-21T00:11:40 IST" name="error_info" finished-at="2024-03-21T00:11:40 IST" duration-ms="99" status="PASS">
          <reporter-output>
          </reporter-output>
        </test-method> <!-- error_info -->
        <test-method is-config="true" signature="tearDown()[pri:0, instance:test_Cases.TS_3@74e52ef6]" started-at="2024-03-21T00:11:41 IST" name="tearDown" finished-at="2024-03-21T00:11:45 IST" duration-ms="4493" status="PASS">
          <reporter-output>
          </reporter-output>
        </test-method> <!-- tearDown -->
      </class> <!-- test_Cases.TS_3 -->
      <class name="test_Cases.TS_1">
        <test-method is-config="true" signature="setup(java.lang.String)[pri:0, instance:test_Cases.TS_1@4116aac9]" started-at="2024-03-21T00:09:26 IST" name="setup" finished-at="2024-03-21T00:09:38 IST" duration-ms="12856" status="PASS">
          <params>
            <param index="0">
              <value>
                <![CDATA[edge]]>
              </value>
            </param>
          </params>
          <reporter-output>
          </reporter-output>
        </test-method> <!-- setup -->
        <test-method is-config="true" signature="set1()[pri:0, instance:test_Cases.TS_1@4116aac9]" started-at="2024-03-21T00:09:39 IST" name="set1" finished-at="2024-03-21T00:09:39 IST" duration-ms="47" status="PASS">
          <reporter-output>
          </reporter-output>
        </test-method> <!-- set1 -->
        <test-method signature="PrintBook_1()[pri:1, instance:test_Cases.TS_1@4116aac9]" started-at="2024-03-21T00:09:39 IST" name="PrintBook_1" finished-at="2024-03-21T00:09:47 IST" duration-ms="8589" status="PASS">
          <reporter-output>
          </reporter-output>
        </test-method> <!-- PrintBook_1 -->
        <test-method is-config="true" signature="set1()[pri:0, instance:test_Cases.TS_1@4116aac9]" started-at="2024-03-21T00:09:48 IST" name="set1" finished-at="2024-03-21T00:09:48 IST" duration-ms="2" status="PASS">
          <reporter-output>
          </reporter-output>
        </test-method> <!-- set1 -->
        <test-method signature="Popup()[pri:2, instance:test_Cases.TS_1@4116aac9]" started-at="2024-03-21T00:09:48 IST" name="Popup" finished-at="2024-03-21T00:09:49 IST" duration-ms="575" status="PASS">
          <reporter-output>
          </reporter-output>
        </test-method> <!-- Popup -->
        <test-method is-config="true" signature="set1()[pri:0, instance:test_Cases.TS_1@4116aac9]" started-at="2024-03-21T00:09:50 IST" name="set1" finished-at="2024-03-21T00:09:50 IST" duration-ms="1" status="PASS">
          <reporter-output>
          </reporter-output>
        </test-method> <!-- set1 -->
        <test-method signature="price()[pri:3, instance:test_Cases.TS_1@4116aac9]" started-at="2024-03-21T00:09:50 IST" name="price" finished-at="2024-03-21T00:09:50 IST" duration-ms="333" status="PASS">
          <reporter-output>
          </reporter-output>
        </test-method> <!-- price -->
        <test-method is-config="true" signature="set1()[pri:0, instance:test_Cases.TS_1@4116aac9]" started-at="2024-03-21T00:09:51 IST" name="set1" finished-at="2024-03-21T00:09:51 IST" duration-ms="2" status="PASS">
          <reporter-output>
          </reporter-output>
        </test-method> <!-- set1 -->
        <test-method signature="Slide()[pri:4, instance:test_Cases.TS_1@4116aac9]" started-at="2024-03-21T00:09:51 IST" name="Slide" finished-at="2024-03-21T00:09:57 IST" duration-ms="6215" status="PASS">
          <reporter-output>
          </reporter-output>
        </test-method> <!-- Slide -->
        <test-method is-config="true" signature="set1()[pri:0, instance:test_Cases.TS_1@4116aac9]" started-at="2024-03-21T00:09:57 IST" name="set1" finished-at="2024-03-21T00:09:57 IST" duration-ms="2" status="PASS">
          <reporter-output>
          </reporter-output>
        </test-method> <!-- set1 -->
        <test-method signature="hover()[pri:5, instance:test_Cases.TS_1@4116aac9]" started-at="2024-03-21T00:09:57 IST" name="hover" finished-at="2024-03-21T00:09:58 IST" duration-ms="301" status="PASS">
          <reporter-output>
          </reporter-output>
        </test-method> <!-- hover -->
        <test-method is-config="true" signature="set1()[pri:0, instance:test_Cases.TS_1@4116aac9]" started-at="2024-03-21T00:09:58 IST" name="set1" finished-at="2024-03-21T00:09:58 IST" duration-ms="1" status="PASS">
          <reporter-output>
          </reporter-output>
        </test-method> <!-- set1 -->
        <test-method signature="Storage()[pri:6, instance:test_Cases.TS_1@4116aac9]" started-at="2024-03-21T00:09:58 IST" name="Storage" finished-at="2024-03-21T00:09:59 IST" duration-ms="1008" status="PASS">
          <reporter-output>
          </reporter-output>
        </test-method> <!-- Storage -->
        <test-method is-config="true" signature="set1()[pri:0, instance:test_Cases.TS_1@4116aac9]" started-at="2024-03-21T00:10:00 IST" name="set1" finished-at="2024-03-21T00:10:00 IST" duration-ms="2" status="PASS">
          <reporter-output>
          </reporter-output>
        </test-method> <!-- set1 -->
        <test-method signature="out_of_stock_exclude()[pri:7, instance:test_Cases.TS_1@4116aac9]" started-at="2024-03-21T00:10:00 IST" name="out_of_stock_exclude" finished-at="2024-03-21T00:10:01 IST" duration-ms="1345" status="PASS">
          <reporter-output>
          </reporter-output>
        </test-method> <!-- out_of_stock_exclude -->
        <test-method is-config="true" signature="set1()[pri:0, instance:test_Cases.TS_1@4116aac9]" started-at="2024-03-21T00:10:02 IST" name="set1" finished-at="2024-03-21T00:10:02 IST" duration-ms="1" status="PASS">
          <reporter-output>
          </reporter-output>
        </test-method> <!-- set1 -->
        <test-method signature="Books()[pri:8, instance:test_Cases.TS_1@4116aac9]" started-at="2024-03-21T00:10:02 IST" name="Books" finished-at="2024-03-21T00:10:08 IST" duration-ms="6286" status="PASS">
          <reporter-output>
          </reporter-output>
        </test-method> <!-- Books -->
        <test-method is-config="true" signature="tearDown()[pri:0, instance:test_Cases.TS_1@4116aac9]" started-at="2024-03-21T00:10:08 IST" name="tearDown" finished-at="2024-03-21T00:10:13 IST" duration-ms="5137" status="PASS">
          <reporter-output>
          </reporter-output>
        </test-method> <!-- tearDown -->
      </class> <!-- test_Cases.TS_1 -->
    </test> <!-- Test -->
  </suite> <!-- Suite -->
</testng-results>
