<?xml version="1.0" encoding="UTF-8"?>
<testng-results ignored="0" total="33" passed="33" failed="0" skipped="0">
  <reporter-output>
  </reporter-output>
  <suite started-at="2024-03-21T14:52:05 IST" name="Suite" finished-at="2024-03-21T14:55:45 IST" duration-ms="219376">
    <groups>
    </groups>
    <test started-at="2024-03-21T14:52:05 IST" name="Test" finished-at="2024-03-21T14:55:45 IST" duration-ms="219376">
      <class name="test_Cases.TS_Login">
        <test-method is-config="true" signature="setup(java.lang.String)[pri:0, instance:test_Cases.TS_Login@1e800aaa]" started-at="2024-03-21T14:52:06 IST" name="setup" finished-at="2024-03-21T14:52:22 IST" duration-ms="15345" status="PASS">
          <params>
            <param index="0">
              <value>
                <![CDATA[edge]]>
              </value>
            </param>
          </params>
          <reporter-output>
          </reporter-output>
        </test-method> <!-- setup -->
        <test-method is-config="true" signature="set()[pri:0, instance:test_Cases.TS_Login@1e800aaa]" started-at="2024-03-21T14:52:22 IST" name="set" finished-at="2024-03-21T14:52:22 IST" duration-ms="109" status="PASS">
          <reporter-output>
          </reporter-output>
        </test-method> <!-- set -->
        <test-method signature="Login()[pri:1, instance:test_Cases.TS_Login@1e800aaa]" started-at="2024-03-21T14:52:22 IST" name="Login" finished-at="2024-03-21T14:52:26 IST" duration-ms="4737" status="PASS">
          <reporter-output>
          </reporter-output>
        </test-method> <!-- Login -->
        <test-method is-config="true" signature="set()[pri:0, instance:test_Cases.TS_Login@1e800aaa]" started-at="2024-03-21T14:52:27 IST" name="set" finished-at="2024-03-21T14:52:27 IST" duration-ms="1" status="PASS">
          <reporter-output>
          </reporter-output>
        </test-method> <!-- set -->
        <test-method signature="LoginClick()[pri:2, instance:test_Cases.TS_Login@1e800aaa]" started-at="2024-03-21T14:52:27 IST" name="LoginClick" finished-at="2024-03-21T14:52:33 IST" duration-ms="5632" status="PASS">
          <reporter-output>
          </reporter-output>
        </test-method> <!-- LoginClick -->
        <test-method is-config="true" signature="set()[pri:0, instance:test_Cases.TS_Login@1e800aaa]" started-at="2024-03-21T14:52:33 IST" name="set" finished-at="2024-03-21T14:52:33 IST" duration-ms="3" status="PASS">
          <reporter-output>
          </reporter-output>
        </test-method> <!-- set -->
        <test-method signature="EmailWrite()[pri:3, instance:test_Cases.TS_Login@1e800aaa]" started-at="2024-03-21T14:52:33 IST" name="EmailWrite" finished-at="2024-03-21T14:52:36 IST" duration-ms="3310" status="PASS">
          <reporter-output>
          </reporter-output>
        </test-method> <!-- EmailWrite -->
        <test-method is-config="true" signature="set()[pri:0, instance:test_Cases.TS_Login@1e800aaa]" started-at="2024-03-21T14:52:37 IST" name="set" finished-at="2024-03-21T14:52:37 IST" duration-ms="1" status="PASS">
          <reporter-output>
          </reporter-output>
        </test-method> <!-- set -->
        <test-method signature="Passwrd()[pri:4, instance:test_Cases.TS_Login@1e800aaa]" started-at="2024-03-21T14:52:37 IST" name="Passwrd" finished-at="2024-03-21T14:52:39 IST" duration-ms="2268" status="PASS">
          <reporter-output>
          </reporter-output>
        </test-method> <!-- Passwrd -->
        <test-method is-config="true" signature="set()[pri:0, instance:test_Cases.TS_Login@1e800aaa]" started-at="2024-03-21T14:52:39 IST" name="set" finished-at="2024-03-21T14:52:39 IST" duration-ms="1" status="PASS">
          <reporter-output>
          </reporter-output>
        </test-method> <!-- set -->
        <test-method signature="Login_Btnn()[pri:5, instance:test_Cases.TS_Login@1e800aaa]" started-at="2024-03-21T14:52:39 IST" name="Login_Btnn" finished-at="2024-03-21T14:52:41 IST" duration-ms="1615" status="PASS">
          <reporter-output>
          </reporter-output>
        </test-method> <!-- Login_Btnn -->
        <test-method is-config="true" signature="set()[pri:0, instance:test_Cases.TS_Login@1e800aaa]" started-at="2024-03-21T14:52:42 IST" name="set" finished-at="2024-03-21T14:52:42 IST" duration-ms="1" status="PASS">
          <reporter-output>
          </reporter-output>
        </test-method> <!-- set -->
        <test-method signature="Error()[pri:6, instance:test_Cases.TS_Login@1e800aaa]" started-at="2024-03-21T14:52:42 IST" name="Error" finished-at="2024-03-21T14:52:51 IST" duration-ms="9611" status="PASS">
          <reporter-output>
          </reporter-output>
        </test-method> <!-- Error -->
        <test-method is-config="true" signature="set()[pri:0, instance:test_Cases.TS_Login@1e800aaa]" started-at="2024-03-21T14:52:52 IST" name="set" finished-at="2024-03-21T14:52:52 IST" duration-ms="1" status="PASS">
          <reporter-output>
          </reporter-output>
        </test-method> <!-- set -->
        <test-method signature="Loginnew()[pri:7, instance:test_Cases.TS_Login@1e800aaa]" started-at="2024-03-21T14:52:52 IST" name="Loginnew" finished-at="2024-03-21T14:52:55 IST" duration-ms="3171" status="PASS">
          <reporter-output>
          </reporter-output>
        </test-method> <!-- Loginnew -->
        <test-method signature="LoginClicknew()[pri:8, instance:test_Cases.TS_Login@1e800aaa]" started-at="2024-03-21T14:52:55 IST" name="LoginClicknew" finished-at="2024-03-21T14:52:58 IST" duration-ms="3353" status="PASS">
          <reporter-output>
          </reporter-output>
        </test-method> <!-- LoginClicknew -->
        <test-method is-config="true" signature="set()[pri:0, instance:test_Cases.TS_Login@1e800aaa]" started-at="2024-03-21T14:52:55 IST" name="set" finished-at="2024-03-21T14:52:55 IST" duration-ms="0" status="PASS">
          <reporter-output>
          </reporter-output>
        </test-method> <!-- set -->
        <test-method is-config="true" signature="set()[pri:0, instance:test_Cases.TS_Login@1e800aaa]" started-at="2024-03-21T14:52:59 IST" name="set" finished-at="2024-03-21T14:52:59 IST" duration-ms="1" status="PASS">
          <reporter-output>
          </reporter-output>
        </test-method> <!-- set -->
        <test-method signature="Emailnew1()[pri:9, instance:test_Cases.TS_Login@1e800aaa]" started-at="2024-03-21T14:52:59 IST" name="Emailnew1" finished-at="2024-03-21T14:52:59 IST" duration-ms="322" status="PASS">
          <reporter-output>
          </reporter-output>
        </test-method> <!-- Emailnew1 -->
        <test-method is-config="true" signature="set()[pri:0, instance:test_Cases.TS_Login@1e800aaa]" started-at="2024-03-21T14:53:00 IST" name="set" finished-at="2024-03-21T14:53:00 IST" duration-ms="1" status="PASS">
          <reporter-output>
          </reporter-output>
        </test-method> <!-- set -->
        <test-method signature="Passnew()[pri:10, instance:test_Cases.TS_Login@1e800aaa]" started-at="2024-03-21T14:53:00 IST" name="Passnew" finished-at="2024-03-21T14:53:00 IST" duration-ms="240" status="PASS">
          <reporter-output>
          </reporter-output>
        </test-method> <!-- Passnew -->
        <test-method is-config="true" signature="set()[pri:0, instance:test_Cases.TS_Login@1e800aaa]" started-at="2024-03-21T14:53:00 IST" name="set" finished-at="2024-03-21T14:53:00 IST" duration-ms="2" status="PASS">
          <reporter-output>
          </reporter-output>
        </test-method> <!-- set -->
        <test-method signature="loginnew()[pri:11, instance:test_Cases.TS_Login@1e800aaa]" started-at="2024-03-21T14:53:00 IST" name="loginnew" finished-at="2024-03-21T14:53:02 IST" duration-ms="1399" status="PASS">
          <reporter-output>
          </reporter-output>
        </test-method> <!-- loginnew -->
        <test-method is-config="true" signature="tearDown()[pri:0, instance:test_Cases.TS_Login@1e800aaa]" started-at="2024-03-21T14:53:02 IST" name="tearDown" finished-at="2024-03-21T14:53:05 IST" duration-ms="3013" status="PASS">
          <reporter-output>
          </reporter-output>
        </test-method> <!-- tearDown -->
      </class> <!-- test_Cases.TS_Login -->
      <class name="test_Cases.TS_2">
        <test-method is-config="true" signature="setup(java.lang.String)[pri:0, instance:test_Cases.TS_2@62ddbd7e]" started-at="2024-03-21T14:54:09 IST" name="setup" finished-at="2024-03-21T14:54:36 IST" duration-ms="27792" status="PASS">
          <params>
            <param index="0">
              <value>
                <![CDATA[edge]]>
              </value>
            </param>
          </params>
          <reporter-output>
          </reporter-output>
        </test-method> <!-- setup -->
        <test-method is-config="true" signature="set2()[pri:0, instance:test_Cases.TS_2@62ddbd7e]" started-at="2024-03-21T14:54:36 IST" name="set2" finished-at="2024-03-21T14:54:36 IST" duration-ms="7" status="PASS">
          <reporter-output>
          </reporter-output>
        </test-method> <!-- set2 -->
        <test-method signature="clickBook_shelves()[pri:1, instance:test_Cases.TS_2@62ddbd7e]" started-at="2024-03-21T14:54:36 IST" name="clickBook_shelves" finished-at="2024-03-21T14:54:43 IST" duration-ms="6460" status="PASS">
          <reporter-output>
          </reporter-output>
        </test-method> <!-- clickBook_shelves -->
        <test-method is-config="true" signature="set2()[pri:0, instance:test_Cases.TS_2@62ddbd7e]" started-at="2024-03-21T14:54:43 IST" name="set2" finished-at="2024-03-21T14:54:43 IST" duration-ms="1" status="PASS">
          <reporter-output>
          </reporter-output>
        </test-method> <!-- set2 -->
        <test-method signature="Pop2()[pri:2, instance:test_Cases.TS_2@62ddbd7e]" started-at="2024-03-21T14:54:43 IST" name="Pop2" finished-at="2024-03-21T14:54:45 IST" duration-ms="2157" status="PASS">
          <reporter-output>
          </reporter-output>
        </test-method> <!-- Pop2 -->
        <test-method is-config="true" signature="set2()[pri:0, instance:test_Cases.TS_2@62ddbd7e]" started-at="2024-03-21T14:54:46 IST" name="set2" finished-at="2024-03-21T14:54:46 IST" duration-ms="1" status="PASS">
          <reporter-output>
          </reporter-output>
        </test-method> <!-- set2 -->
        <test-method signature="hover_price()[pri:2, instance:test_Cases.TS_2@62ddbd7e]" started-at="2024-03-21T14:54:46 IST" name="hover_price" finished-at="2024-03-21T14:54:51 IST" duration-ms="5757" status="PASS">
          <reporter-output>
          </reporter-output>
        </test-method> <!-- hover_price -->
        <test-method is-config="true" signature="set2()[pri:0, instance:test_Cases.TS_2@62ddbd7e]" started-at="2024-03-21T14:54:52 IST" name="set2" finished-at="2024-03-21T14:54:52 IST" duration-ms="0" status="PASS">
          <reporter-output>
          </reporter-output>
        </test-method> <!-- set2 -->
        <test-method signature="hover_storage()[pri:4, instance:test_Cases.TS_2@62ddbd7e]" started-at="2024-03-21T14:54:52 IST" name="hover_storage" finished-at="2024-03-21T14:54:54 IST" duration-ms="2401" status="PASS">
          <reporter-output>
          </reporter-output>
        </test-method> <!-- hover_storage -->
        <test-method signature="select_stock()[pri:5, instance:test_Cases.TS_2@62ddbd7e]" started-at="2024-03-21T14:54:54 IST" name="select_stock" finished-at="2024-03-21T14:54:54 IST" duration-ms="143" status="PASS">
          <reporter-output>
          </reporter-output>
        </test-method> <!-- select_stock -->
        <test-method is-config="true" signature="set2()[pri:0, instance:test_Cases.TS_2@62ddbd7e]" started-at="2024-03-21T14:54:54 IST" name="set2" finished-at="2024-03-21T14:54:54 IST" duration-ms="0" status="PASS">
          <reporter-output>
          </reporter-output>
        </test-method> <!-- set2 -->
        <test-method is-config="true" signature="set2()[pri:0, instance:test_Cases.TS_2@62ddbd7e]" started-at="2024-03-21T14:54:55 IST" name="set2" finished-at="2024-03-21T14:54:55 IST" duration-ms="1" status="PASS">
          <reporter-output>
          </reporter-output>
        </test-method> <!-- set2 -->
        <test-method signature="select_Home_dkr()[pri:6, instance:test_Cases.TS_2@62ddbd7e]" started-at="2024-03-21T14:54:55 IST" name="select_Home_dkr" finished-at="2024-03-21T14:54:57 IST" duration-ms="2304" status="PASS">
          <reporter-output>
          </reporter-output>
        </test-method> <!-- select_Home_dkr -->
        <test-method is-config="true" signature="set2()[pri:0, instance:test_Cases.TS_2@62ddbd7e]" started-at="2024-03-21T14:54:57 IST" name="set2" finished-at="2024-03-21T14:54:57 IST" duration-ms="1" status="PASS">
          <reporter-output>
          </reporter-output>
        </test-method> <!-- set2 -->
        <test-method signature="Print_Book2()[pri:7, instance:test_Cases.TS_2@62ddbd7e]" started-at="2024-03-21T14:54:57 IST" name="Print_Book2" finished-at="2024-03-21T14:55:04 IST" duration-ms="6451" status="PASS">
          <reporter-output>
          </reporter-output>
        </test-method> <!-- Print_Book2 -->
        <test-method is-config="true" signature="set2()[pri:0, instance:test_Cases.TS_2@62ddbd7e]" started-at="2024-03-21T14:55:04 IST" name="set2" finished-at="2024-03-21T14:55:04 IST" duration-ms="1" status="PASS">
          <reporter-output>
          </reporter-output>
        </test-method> <!-- set2 -->
        <test-method signature="print_collection()[pri:8, instance:test_Cases.TS_2@62ddbd7e]" started-at="2024-03-21T14:55:04 IST" name="print_collection" finished-at="2024-03-21T14:55:13 IST" duration-ms="8876" status="PASS">
          <reporter-output>
          </reporter-output>
        </test-method> <!-- print_collection -->
        <test-method is-config="true" signature="tearDown()[pri:0, instance:test_Cases.TS_2@62ddbd7e]" started-at="2024-03-21T14:55:13 IST" name="tearDown" finished-at="2024-03-21T14:55:17 IST" duration-ms="4369" status="PASS">
          <reporter-output>
          </reporter-output>
        </test-method> <!-- tearDown -->
      </class> <!-- test_Cases.TS_2 -->
      <class name="test_Cases.TS_3">
        <test-method is-config="true" signature="setup(java.lang.String)[pri:0, instance:test_Cases.TS_3@74e52ef6]" started-at="2024-03-21T14:55:17 IST" name="setup" finished-at="2024-03-21T14:55:26 IST" duration-ms="8771" status="PASS">
          <params>
            <param index="0">
              <value>
                <![CDATA[edge]]>
              </value>
            </param>
          </params>
          <reporter-output>
          </reporter-output>
        </test-method> <!-- setup -->
        <test-method is-config="true" signature="set3()[pri:0, instance:test_Cases.TS_3@74e52ef6]" started-at="2024-03-21T14:55:26 IST" name="set3" finished-at="2024-03-21T14:55:26 IST" duration-ms="7" status="PASS">
          <reporter-output>
          </reporter-output>
        </test-method> <!-- set3 -->
        <test-method signature="click_gift_card()[pri:1, instance:test_Cases.TS_3@74e52ef6]" started-at="2024-03-21T14:55:26 IST" name="click_gift_card" finished-at="2024-03-21T14:55:33 IST" duration-ms="6746" status="PASS">
          <reporter-output>
          </reporter-output>
        </test-method> <!-- click_gift_card -->
        <test-method is-config="true" signature="set3()[pri:0, instance:test_Cases.TS_3@74e52ef6]" started-at="2024-03-21T14:55:33 IST" name="set3" finished-at="2024-03-21T14:55:33 IST" duration-ms="2" status="PASS">
          <reporter-output>
          </reporter-output>
        </test-method> <!-- set3 -->
        <test-method signature="click_bNa()[pri:2, instance:test_Cases.TS_3@74e52ef6]" started-at="2024-03-21T14:55:33 IST" name="click_bNa" finished-at="2024-03-21T14:55:33 IST" duration-ms="153" status="PASS">
          <reporter-output>
          </reporter-output>
        </test-method> <!-- click_bNa -->
        <test-method is-config="true" signature="set3()[pri:0, instance:test_Cases.TS_3@74e52ef6]" started-at="2024-03-21T14:55:34 IST" name="set3" finished-at="2024-03-21T14:55:34 IST" duration-ms="2" status="PASS">
          <reporter-output>
          </reporter-output>
        </test-method> <!-- set3 -->
        <test-method signature="gift_info()[pri:3, instance:test_Cases.TS_3@74e52ef6]" started-at="2024-03-21T14:55:34 IST" name="gift_info" finished-at="2024-03-21T14:55:36 IST" duration-ms="1979" status="PASS">
          <reporter-output>
          </reporter-output>
        </test-method> <!-- gift_info -->
        <test-method is-config="true" signature="set3()[pri:0, instance:test_Cases.TS_3@74e52ef6]" started-at="2024-03-21T14:55:36 IST" name="set3" finished-at="2024-03-21T14:55:36 IST" duration-ms="3" status="PASS">
          <reporter-output>
          </reporter-output>
        </test-method> <!-- set3 -->
        <test-method signature="recipient_info()[pri:4, instance:test_Cases.TS_3@74e52ef6]" started-at="2024-03-21T14:55:36 IST" name="recipient_info" finished-at="2024-03-21T14:55:37 IST" duration-ms="760" status="PASS">
          <reporter-output>
          </reporter-output>
        </test-method> <!-- recipient_info -->
        <test-method is-config="true" signature="set3()[pri:0, instance:test_Cases.TS_3@74e52ef6]" started-at="2024-03-21T14:55:37 IST" name="set3" finished-at="2024-03-21T14:55:37 IST" duration-ms="1" status="PASS">
          <reporter-output>
          </reporter-output>
        </test-method> <!-- set3 -->
        <test-method signature="senders_info()[pri:5, instance:test_Cases.TS_3@74e52ef6]" started-at="2024-03-21T14:55:37 IST" name="senders_info" finished-at="2024-03-21T14:55:39 IST" duration-ms="1985" status="PASS">
          <reporter-output>
          </reporter-output>
        </test-method> <!-- senders_info -->
        <test-method is-config="true" signature="set3()[pri:0, instance:test_Cases.TS_3@74e52ef6]" started-at="2024-03-21T14:55:40 IST" name="set3" finished-at="2024-03-21T14:55:40 IST" duration-ms="1" status="PASS">
          <reporter-output>
          </reporter-output>
        </test-method> <!-- set3 -->
        <test-method signature="error_info()[pri:6, instance:test_Cases.TS_3@74e52ef6]" started-at="2024-03-21T14:55:40 IST" name="error_info" finished-at="2024-03-21T14:55:40 IST" duration-ms="135" status="PASS">
          <reporter-output>
          </reporter-output>
        </test-method> <!-- error_info -->
        <test-method is-config="true" signature="tearDown()[pri:0, instance:test_Cases.TS_3@74e52ef6]" started-at="2024-03-21T14:55:40 IST" name="tearDown" finished-at="2024-03-21T14:55:45 IST" duration-ms="4288" status="PASS">
          <reporter-output>
          </reporter-output>
        </test-method> <!-- tearDown -->
      </class> <!-- test_Cases.TS_3 -->
      <class name="test_Cases.TS_1">
        <test-method is-config="true" signature="setup(java.lang.String)[pri:0, instance:test_Cases.TS_1@4116aac9]" started-at="2024-03-21T14:53:05 IST" name="setup" finished-at="2024-03-21T14:53:43 IST" duration-ms="37788" status="PASS">
          <params>
            <param index="0">
              <value>
                <![CDATA[edge]]>
              </value>
            </param>
          </params>
          <reporter-output>
          </reporter-output>
        </test-method> <!-- setup -->
        <test-method is-config="true" signature="set1()[pri:0, instance:test_Cases.TS_1@4116aac9]" started-at="2024-03-21T14:53:43 IST" name="set1" finished-at="2024-03-21T14:53:43 IST" duration-ms="12" status="PASS">
          <reporter-output>
          </reporter-output>
        </test-method> <!-- set1 -->
        <test-method signature="PrintBook_1()[pri:1, instance:test_Cases.TS_1@4116aac9]" started-at="2024-03-21T14:53:43 IST" name="PrintBook_1" finished-at="2024-03-21T14:53:52 IST" duration-ms="8328" status="PASS">
          <reporter-output>
          </reporter-output>
        </test-method> <!-- PrintBook_1 -->
        <test-method is-config="true" signature="set1()[pri:0, instance:test_Cases.TS_1@4116aac9]" started-at="2024-03-21T14:53:52 IST" name="set1" finished-at="2024-03-21T14:53:52 IST" duration-ms="2" status="PASS">
          <reporter-output>
          </reporter-output>
        </test-method> <!-- set1 -->
        <test-method signature="Popup()[pri:2, instance:test_Cases.TS_1@4116aac9]" started-at="2024-03-21T14:53:52 IST" name="Popup" finished-at="2024-03-21T14:53:52 IST" duration-ms="127" status="PASS">
          <reporter-output>
          </reporter-output>
        </test-method> <!-- Popup -->
        <test-method is-config="true" signature="set1()[pri:0, instance:test_Cases.TS_1@4116aac9]" started-at="2024-03-21T14:53:52 IST" name="set1" finished-at="2024-03-21T14:53:52 IST" duration-ms="1" status="PASS">
          <reporter-output>
          </reporter-output>
        </test-method> <!-- set1 -->
        <test-method signature="price()[pri:3, instance:test_Cases.TS_1@4116aac9]" started-at="2024-03-21T14:53:52 IST" name="price" finished-at="2024-03-21T14:53:52 IST" duration-ms="175" status="PASS">
          <reporter-output>
          </reporter-output>
        </test-method> <!-- price -->
        <test-method is-config="true" signature="set1()[pri:0, instance:test_Cases.TS_1@4116aac9]" started-at="2024-03-21T14:53:53 IST" name="set1" finished-at="2024-03-21T14:53:53 IST" duration-ms="1" status="PASS">
          <reporter-output>
          </reporter-output>
        </test-method> <!-- set1 -->
        <test-method signature="Slide()[pri:4, instance:test_Cases.TS_1@4116aac9]" started-at="2024-03-21T14:53:53 IST" name="Slide" finished-at="2024-03-21T14:53:58 IST" duration-ms="5553" status="PASS">
          <reporter-output>
          </reporter-output>
        </test-method> <!-- Slide -->
        <test-method is-config="true" signature="set1()[pri:0, instance:test_Cases.TS_1@4116aac9]" started-at="2024-03-21T14:53:59 IST" name="set1" finished-at="2024-03-21T14:53:59 IST" duration-ms="1" status="PASS">
          <reporter-output>
          </reporter-output>
        </test-method> <!-- set1 -->
        <test-method signature="hover()[pri:5, instance:test_Cases.TS_1@4116aac9]" started-at="2024-03-21T14:53:59 IST" name="hover" finished-at="2024-03-21T14:53:59 IST" duration-ms="160" status="PASS">
          <reporter-output>
          </reporter-output>
        </test-method> <!-- hover -->
        <test-method is-config="true" signature="set1()[pri:0, instance:test_Cases.TS_1@4116aac9]" started-at="2024-03-21T14:53:59 IST" name="set1" finished-at="2024-03-21T14:53:59 IST" duration-ms="1" status="PASS">
          <reporter-output>
          </reporter-output>
        </test-method> <!-- set1 -->
        <test-method signature="Storage()[pri:6, instance:test_Cases.TS_1@4116aac9]" started-at="2024-03-21T14:53:59 IST" name="Storage" finished-at="2024-03-21T14:53:59 IST" duration-ms="181" status="PASS">
          <reporter-output>
          </reporter-output>
        </test-method> <!-- Storage -->
        <test-method is-config="true" signature="set1()[pri:0, instance:test_Cases.TS_1@4116aac9]" started-at="2024-03-21T14:53:59 IST" name="set1" finished-at="2024-03-21T14:53:59 IST" duration-ms="1" status="PASS">
          <reporter-output>
          </reporter-output>
        </test-method> <!-- set1 -->
        <test-method signature="out_of_stock_exclude()[pri:7, instance:test_Cases.TS_1@4116aac9]" started-at="2024-03-21T14:53:59 IST" name="out_of_stock_exclude" finished-at="2024-03-21T14:54:00 IST" duration-ms="188" status="PASS">
          <reporter-output>
          </reporter-output>
        </test-method> <!-- out_of_stock_exclude -->
        <test-method is-config="true" signature="set1()[pri:0, instance:test_Cases.TS_1@4116aac9]" started-at="2024-03-21T14:54:00 IST" name="set1" finished-at="2024-03-21T14:54:00 IST" duration-ms="1" status="PASS">
          <reporter-output>
          </reporter-output>
        </test-method> <!-- set1 -->
        <test-method signature="Books()[pri:8, instance:test_Cases.TS_1@4116aac9]" started-at="2024-03-21T14:54:00 IST" name="Books" finished-at="2024-03-21T14:54:05 IST" duration-ms="4703" status="PASS">
          <reporter-output>
          </reporter-output>
        </test-method> <!-- Books -->
        <test-method is-config="true" signature="tearDown()[pri:0, instance:test_Cases.TS_1@4116aac9]" started-at="2024-03-21T14:54:05 IST" name="tearDown" finished-at="2024-03-21T14:54:09 IST" duration-ms="3633" status="PASS">
          <reporter-output>
          </reporter-output>
        </test-method> <!-- tearDown -->
      </class> <!-- test_Cases.TS_1 -->
    </test> <!-- Test -->
  </suite> <!-- Suite -->
</testng-results>
